<?xml version="1.0" encoding="UTF-8"?>
<!-- Generated by org.testng.reporters.JUnitXMLReporter -->
<testsuite ignored="0" hostname="LAPTOP-2C8O0UNG" failures="0" tests="7" name="Free CRM Application Test Cases" time="45.011" errors="0" timestamp="2023-10-09T02:56:19 IST">
  <testcase classname="com.ui.qa.test.HomePageTest" name="HomePageValidation" time="2.259"/>
  <testcase classname="com.ui.qa.test.HomePageTest" name="ValidationCreateNewContact" time="2.857"/>
  <testcase classname="com.ui.qa.test.HomePageTest" name="ValidationCreateNewContact" time="2.836"/>
  <testcase classname="com.ui.qa.test.HomePageTest" name="ValidationCreateNewContact" time="2.853"/>
  <testcase classname="com.ui.qa.test.loginPageTest" name="LoginPageTitleTest" time="0.006"/>
  <testcase classname="com.ui.qa.test.loginPageTest" name="loginTest" time="0.16"/>
  <testcase classname="com.ui.qa.test.SignUpPageTest" name="LoginPageTitleTest" time="0.037"/>
</testsuite> <!-- Free CRM Application Test Cases -->
