<?xml version="1.0" encoding="UTF-8"?>
<!-- Generated by org.testng.reporters.JUnitXMLReporter -->
<testsuite ignored="0" hostname="LAPTOP-2C8O0UNG" failures="0" tests="7" name="Surefire test" time="50.76" errors="0" timestamp="2023-10-12T20:44:36 IST">
  <testcase classname="com.ui.qa.test.HomePageTest" name="HomePageValidation" time="2.31"/>
  <testcase classname="com.ui.qa.test.HomePageTest" name="ValidationCreateNewContact" time="2.814"/>
  <testcase classname="com.ui.qa.test.HomePageTest" name="ValidationCreateNewContact" time="2.902"/>
  <testcase classname="com.ui.qa.test.HomePageTest" name="ValidationCreateNewContact" time="2.95"/>
  <testcase classname="com.ui.qa.test.loginPageTest" name="LoginPageTitleTest" time="0.009"/>
  <testcase classname="com.ui.qa.test.loginPageTest" name="loginTest" time="0.172"/>
  <testcase classname="com.ui.qa.test.SignUpPageTest" name="LoginPageTitleTest" time="0.035"/>
</testsuite> <!-- Surefire test -->
