<?xml version="1.0" encoding="UTF-8"?>
<!-- Generated by org.testng.reporters.JUnitXMLReporter -->
<testsuite ignored="0" hostname="LAPTOP-2C8O0UNG" failures="0" tests="4" name="Default test" time="31.397" errors="0" timestamp="2023-10-08T17:25:47 IST">
  <testcase classname="com.ui.qa.test.HomePageTest" name="HomePageValidation" time="2.263"/>
  <testcase classname="com.ui.qa.test.HomePageTest" name="ValidationCreateNewContact" time="2.956"/>
  <testcase classname="com.ui.qa.test.HomePageTest" name="ValidationCreateNewContact" time="2.903"/>
  <testcase classname="com.ui.qa.test.HomePageTest" name="ValidationCreateNewContact" time="2.795"/>
</testsuite> <!-- Default test -->
