<?xml version="1.0" encoding="UTF-8"?>
<testsuite xmlns:xsi="http://www.w3.org/2001/XMLSchema-instance" xsi:noNamespaceSchemaLocation="https://maven.apache.org/surefire/maven-surefire-plugin/xsd/surefire-test-report.xsd" name="TestSuite" time="51.275" tests="7" errors="0" skipped="0" failures="0">
  <properties>
[...]
</properties>
  <testcase name="HomePageValidation" classname="com.ui.qa.test.HomePageTest" time="2.325"/>
  <testcase name="ValidationCreateNewContact" classname="com.ui.qa.test.HomePageTest" time="2.814"/>
  <testcase name="ValidationCreateNewContact" classname="com.ui.qa.test.HomePageTest" time="2.902"/>
  <testcase name="ValidationCreateNewContact" classname="com.ui.qa.test.HomePageTest" time="2.951"/>
  <testcase name="LoginPageTitleTest" classname="com.ui.qa.test.loginPageTest" time="0.009"/>
  <testcase name="loginTest" classname="com.ui.qa.test.loginPageTest" time="0.172"/>
  <testcase name="LoginPageTitleTest" classname="com.ui.qa.test.SignUpPageTest" time="0.035"/>
</testsuite>